<<<<<<< HEAD
﻿  w8_dice2_re.cpp
  코드를 생성하고 있습니다.
  89 of 108 functions (82.4%) were compiled, the rest were copied from previous compilation.
    86 functions were new in current compilation
    7 functions had inline decision re-evaluated but remain unchanged
  코드를 생성했습니다.
  2016ps.vcxproj -> C:\Users\tjdwn\documents\visual studio 2015\Projects\2016ps\Release\2016ps.exe
=======
﻿빌드 시작: 2016-04-25 오전 3:33:02
     1>2 노드의 "C:\Users\PorcaD\Documents\Visual Studio 2015\Projects\2016ps\2016ps\2016ps.vcxproj" 프로젝트(Build 대상)입니다.
     1>ClCompile:
         C:\Program Files (x86)\Microsoft Visual Studio 14.0\VC\bin\CL.exe /c /Zi /nologo /W3 /WX- /sdl /O2 /Oi /Oy- /GL /D WIN32 /D NDEBUG /D _CONSOLE /D _UNICODE /D UNICODE /Gm- /EHsc /MD /GS /Gy /fp:precise /Zc:wchar_t /Zc:forScope /Zc:inline /Fo"Release\\" /Fd"Release\vc140.pdb" /Gd /TP /analyze- /errorReport:prompt w8_dice2_re.cpp
         w8_dice2_re.cpp
       Link:
         C:\Program Files (x86)\Microsoft Visual Studio 14.0\VC\bin\link.exe /ERRORREPORT:PROMPT /OUT:"C:\Users\PorcaD\Documents\Visual Studio 2015\Projects\2016ps\Release\2016ps.exe" /INCREMENTAL:NO /NOLOGO kernel32.lib user32.lib gdi32.lib winspool.lib comdlg32.lib advapi32.lib shell32.lib ole32.lib oleaut32.lib uuid.lib odbc32.lib odbccp32.lib /MANIFEST /MANIFESTUAC:"level='asInvoker' uiAccess='false'" /manifest:embed /Debug /PDB:"C:\Users\PorcaD\Documents\Visual Studio 2015\Projects\2016ps\Release\2016ps.pdb" /SUBSYSTEM:CONSOLE /OPT:REF /OPT:ICF /LTCG:incremental /TLBID:1 /DYNAMICBASE /NXCOMPAT /IMPLIB:"C:\Users\PorcaD\Documents\Visual Studio 2015\Projects\2016ps\Release\2016ps.lib" /MACHINE:X86 /SAFESEH Release\w8_dice2_re.obj
         코드를 생성하고 있습니다.
         2 of 109 functions ( 1.8%) were compiled, the rest were copied from previous compilation.
           0 functions were new in current compilation
           1 functions had inline decision re-evaluated but remain unchanged
         코드를 생성했습니다.
         2016ps.vcxproj -> C:\Users\PorcaD\Documents\Visual Studio 2015\Projects\2016ps\Release\2016ps.exe
     1>"C:\Users\PorcaD\Documents\Visual Studio 2015\Projects\2016ps\2016ps\2016ps.vcxproj" 프로젝트를 빌드했습니다(Build 대상).

빌드했습니다.

경과 시간: 00:00:01.07
>>>>>>> 8b11b0d68fd0db33d8540a366776e89c8c831fe6
